<?xml version="1.0" encoding="UTF-8"?>
<testng-results skipped="0" failed="0" total="2" passed="2">
  <reporter-output>
  </reporter-output>
  <suite name="Default suite" duration-ms="1614" started-at="2015-09-25T04:32:04Z" finished-at="2015-09-25T04:32:05Z">
    <groups>
    </groups>
    <test name="Default test" duration-ms="1614" started-at="2015-09-25T04:32:04Z" finished-at="2015-09-25T04:32:05Z">
      <class name="com.newtours.tests.Registration">
        <test-method status="PASS" signature="setup()[pri:0, instance:com.newtours.tests.Registration@47d9a273]" name="setup" is-config="true" duration-ms="484" started-at="2015-09-24T21:32:04Z" finished-at="2015-09-24T21:32:04Z">
          <reporter-output>
          </reporter-output>
        </test-method> <!-- setup -->
        <test-method status="PASS" signature="newUserRegiserNegativeTest()[pri:0, instance:com.newtours.tests.Registration@47d9a273]" name="newUserRegiserNegativeTest" duration-ms="370" started-at="2015-09-24T21:32:04Z" finished-at="2015-09-24T21:32:04Z">
          <reporter-output>
          </reporter-output>
        </test-method> <!-- newUserRegiserNegativeTest -->
        <test-method status="PASS" signature="newUserRegisterTest()[pri:0, instance:com.newtours.tests.Registration@47d9a273]" name="newUserRegisterTest" duration-ms="730" started-at="2015-09-24T21:32:04Z" finished-at="2015-09-24T21:32:05Z">
          <reporter-output>
          </reporter-output>
        </test-method> <!-- newUserRegisterTest -->
        <test-method status="PASS" signature="tearDown()[pri:0, instance:com.newtours.tests.Registration@47d9a273]" name="tearDown" is-config="true" duration-ms="22" started-at="2015-09-24T21:32:05Z" finished-at="2015-09-24T21:32:05Z">
          <reporter-output>
          </reporter-output>
        </test-method> <!-- tearDown -->
      </class> <!-- com.newtours.tests.Registration -->
    </test> <!-- Default test -->
  </suite> <!-- Default suite -->
</testng-results>
